<?xml version="1.0" encoding="UTF-8"?>
<!-- Generated by org.testng.reporters.JUnitXMLReporter -->
<testsuite hostname="Sri" name="Test" tests="6" failures="0" timestamp="25 Mar 2017 14:31:16 GMT" time="0.02" errors="0">
  <testcase name="h" time="0.003" classname="testNG.Annotations3"/>
  <testcase name="z" time="0.001" classname="testNG.Annotations3"/>
  <testcase name="h" time="0.001" classname="testNG.Annotations1"/>
  <testcase name="z" time="0.0" classname="testNG.Annotations1"/>
  <testcase name="h" time="0.0" classname="testNG.Annotations2"/>
  <testcase name="z" time="0.001" classname="testNG.Annotations2"/>
</testsuite> <!-- Test -->
