<?xml version="1.0" encoding="UTF-8"?>
<testng-results skipped="0" failed="0" total="6" passed="6">
  <reporter-output>
  </reporter-output>
  <suite name="Classeswithallannotations" duration-ms="20" started-at="2017-03-25T14:31:15Z" finished-at="2017-03-25T14:31:15Z">
    <groups>
    </groups>
    <test name="Test" duration-ms="20" started-at="2017-03-25T14:31:15Z" finished-at="2017-03-25T14:31:15Z">
      <class name="testNG.Annotations3">
        <test-method status="PASS" signature="f()[pri:0, instance:testNG.Annotations3@c7da1e]" name="f" is-config="true" duration-ms="1" started-at="2017-03-25T20:01:15Z" finished-at="2017-03-25T20:01:15Z">
          <reporter-output>
          </reporter-output>
        </test-method> <!-- f -->
        <test-method status="PASS" signature="i()[pri:0, instance:testNG.Annotations3@c7da1e]" name="i" is-config="true" duration-ms="0" started-at="2017-03-25T20:01:15Z" finished-at="2017-03-25T20:01:15Z">
          <reporter-output>
          </reporter-output>
        </test-method> <!-- i -->
        <test-method status="PASS" signature="h()[pri:0, instance:testNG.Annotations3@c7da1e]" name="h" duration-ms="3" started-at="2017-03-25T20:01:15Z" finished-at="2017-03-25T20:01:15Z">
          <reporter-output>
          </reporter-output>
        </test-method> <!-- h -->
        <test-method status="PASS" signature="l()[pri:0, instance:testNG.Annotations3@c7da1e]" name="l" is-config="true" duration-ms="0" started-at="2017-03-25T20:01:15Z" finished-at="2017-03-25T20:01:15Z">
          <reporter-output>
          </reporter-output>
        </test-method> <!-- l -->
        <test-method status="PASS" signature="j()[pri:0, instance:testNG.Annotations3@c7da1e]" name="j" is-config="true" duration-ms="0" started-at="2017-03-25T20:01:15Z" finished-at="2017-03-25T20:01:15Z">
          <reporter-output>
          </reporter-output>
        </test-method> <!-- j -->
        <test-method status="PASS" signature="z()[pri:0, instance:testNG.Annotations3@c7da1e]" name="z" duration-ms="1" started-at="2017-03-25T20:01:15Z" finished-at="2017-03-25T20:01:15Z">
          <reporter-output>
          </reporter-output>
        </test-method> <!-- z -->
        <test-method status="PASS" signature="i()[pri:0, instance:testNG.Annotations3@c7da1e]" name="i" is-config="true" duration-ms="0" started-at="2017-03-25T20:01:15Z" finished-at="2017-03-25T20:01:15Z">
          <reporter-output>
          </reporter-output>
        </test-method> <!-- i -->
        <test-method status="PASS" signature="l()[pri:0, instance:testNG.Annotations3@c7da1e]" name="l" is-config="true" duration-ms="0" started-at="2017-03-25T20:01:15Z" finished-at="2017-03-25T20:01:15Z">
          <reporter-output>
          </reporter-output>
        </test-method> <!-- l -->
        <test-method status="PASS" signature="g()[pri:0, instance:testNG.Annotations3@c7da1e]" name="g" is-config="true" duration-ms="0" started-at="2017-03-25T20:01:15Z" finished-at="2017-03-25T20:01:15Z">
          <reporter-output>
          </reporter-output>
        </test-method> <!-- g -->
        <test-method status="PASS" signature="j()[pri:0, instance:testNG.Annotations3@c7da1e]" name="j" is-config="true" duration-ms="0" started-at="2017-03-25T20:01:15Z" finished-at="2017-03-25T20:01:15Z">
          <reporter-output>
          </reporter-output>
        </test-method> <!-- j -->
      </class> <!-- testNG.Annotations3 -->
      <class name="testNG.Annotations2">
        <test-method status="PASS" signature="i()[pri:0, instance:testNG.Annotations2@1829d67]" name="i" is-config="true" duration-ms="1" started-at="2017-03-25T20:01:15Z" finished-at="2017-03-25T20:01:15Z">
          <reporter-output>
          </reporter-output>
        </test-method> <!-- i -->
        <test-method status="PASS" signature="f()[pri:0, instance:testNG.Annotations2@1829d67]" name="f" is-config="true" duration-ms="0" started-at="2017-03-25T20:01:15Z" finished-at="2017-03-25T20:01:15Z">
          <reporter-output>
          </reporter-output>
        </test-method> <!-- f -->
        <test-method status="PASS" signature="j()[pri:0, instance:testNG.Annotations2@1829d67]" name="j" is-config="true" duration-ms="1" started-at="2017-03-25T20:01:15Z" finished-at="2017-03-25T20:01:15Z">
          <reporter-output>
          </reporter-output>
        </test-method> <!-- j -->
        <test-method status="PASS" signature="h()[pri:0, instance:testNG.Annotations2@1829d67]" name="h" duration-ms="0" started-at="2017-03-25T20:01:15Z" finished-at="2017-03-25T20:01:15Z">
          <reporter-output>
          </reporter-output>
        </test-method> <!-- h -->
        <test-method status="PASS" signature="l()[pri:0, instance:testNG.Annotations2@1829d67]" name="l" is-config="true" duration-ms="0" started-at="2017-03-25T20:01:15Z" finished-at="2017-03-25T20:01:15Z">
          <reporter-output>
          </reporter-output>
        </test-method> <!-- l -->
        <test-method status="PASS" signature="z()[pri:0, instance:testNG.Annotations2@1829d67]" name="z" duration-ms="1" started-at="2017-03-25T20:01:15Z" finished-at="2017-03-25T20:01:15Z">
          <reporter-output>
          </reporter-output>
        </test-method> <!-- z -->
        <test-method status="PASS" signature="i()[pri:0, instance:testNG.Annotations2@1829d67]" name="i" is-config="true" duration-ms="0" started-at="2017-03-25T20:01:15Z" finished-at="2017-03-25T20:01:15Z">
          <reporter-output>
          </reporter-output>
        </test-method> <!-- i -->
        <test-method status="PASS" signature="l()[pri:0, instance:testNG.Annotations2@1829d67]" name="l" is-config="true" duration-ms="0" started-at="2017-03-25T20:01:15Z" finished-at="2017-03-25T20:01:15Z">
          <reporter-output>
          </reporter-output>
        </test-method> <!-- l -->
        <test-method status="PASS" signature="j()[pri:0, instance:testNG.Annotations2@1829d67]" name="j" is-config="true" duration-ms="0" started-at="2017-03-25T20:01:15Z" finished-at="2017-03-25T20:01:15Z">
          <reporter-output>
          </reporter-output>
        </test-method> <!-- j -->
        <test-method status="PASS" signature="g()[pri:0, instance:testNG.Annotations2@1829d67]" name="g" is-config="true" duration-ms="0" started-at="2017-03-25T20:01:15Z" finished-at="2017-03-25T20:01:15Z">
          <reporter-output>
          </reporter-output>
        </test-method> <!-- g -->
      </class> <!-- testNG.Annotations2 -->
      <class name="testNG.Annotations1">
        <test-method status="PASS" signature="b()[pri:0, instance:testNG.Annotations1@1464ce8]" name="b" is-config="true" duration-ms="6" started-at="2017-03-25T20:01:15Z" finished-at="2017-03-25T20:01:15Z">
          <reporter-output>
          </reporter-output>
        </test-method> <!-- b -->
        <test-method status="PASS" signature="b()[pri:0, instance:testNG.Annotations2@1829d67]" name="b" is-config="true" duration-ms="0" started-at="2017-03-25T20:01:15Z" finished-at="2017-03-25T20:01:15Z">
          <reporter-output>
          </reporter-output>
        </test-method> <!-- b -->
        <test-method status="PASS" signature="b()[pri:0, instance:testNG.Annotations3@c7da1e]" name="b" is-config="true" duration-ms="0" started-at="2017-03-25T20:01:15Z" finished-at="2017-03-25T20:01:15Z">
          <reporter-output>
          </reporter-output>
        </test-method> <!-- b -->
        <test-method status="PASS" signature="k()[pri:0, instance:testNG.Annotations1@1464ce8]" name="k" is-config="true" duration-ms="0" started-at="2017-03-25T20:01:15Z" finished-at="2017-03-25T20:01:15Z">
          <reporter-output>
          </reporter-output>
        </test-method> <!-- k -->
        <test-method status="PASS" signature="k()[pri:0, instance:testNG.Annotations3@c7da1e]" name="k" is-config="true" duration-ms="0" started-at="2017-03-25T20:01:15Z" finished-at="2017-03-25T20:01:15Z">
          <reporter-output>
          </reporter-output>
        </test-method> <!-- k -->
        <test-method status="PASS" signature="k()[pri:0, instance:testNG.Annotations2@1829d67]" name="k" is-config="true" duration-ms="0" started-at="2017-03-25T20:01:15Z" finished-at="2017-03-25T20:01:15Z">
          <reporter-output>
          </reporter-output>
        </test-method> <!-- k -->
        <test-method status="PASS" signature="e()[pri:0, instance:testNG.Annotations2@1829d67]" name="e" is-config="true" duration-ms="0" started-at="2017-03-25T20:01:15Z" finished-at="2017-03-25T20:01:15Z">
          <reporter-output>
          </reporter-output>
        </test-method> <!-- e -->
        <test-method status="PASS" signature="e()[pri:0, instance:testNG.Annotations3@c7da1e]" name="e" is-config="true" duration-ms="0" started-at="2017-03-25T20:01:15Z" finished-at="2017-03-25T20:01:15Z">
          <reporter-output>
          </reporter-output>
        </test-method> <!-- e -->
        <test-method status="PASS" signature="e()[pri:0, instance:testNG.Annotations1@1464ce8]" name="e" is-config="true" duration-ms="0" started-at="2017-03-25T20:01:15Z" finished-at="2017-03-25T20:01:15Z">
          <reporter-output>
          </reporter-output>
        </test-method> <!-- e -->
        <test-method status="PASS" signature="i()[pri:0, instance:testNG.Annotations1@1464ce8]" name="i" is-config="true" duration-ms="0" started-at="2017-03-25T20:01:15Z" finished-at="2017-03-25T20:01:15Z">
          <reporter-output>
          </reporter-output>
        </test-method> <!-- i -->
        <test-method status="PASS" signature="l()[pri:0, instance:testNG.Annotations1@1464ce8]" name="l" is-config="true" duration-ms="0" started-at="2017-03-25T20:01:15Z" finished-at="2017-03-25T20:01:15Z">
          <reporter-output>
          </reporter-output>
        </test-method> <!-- l -->
        <test-method status="PASS" signature="h()[pri:0, instance:testNG.Annotations1@1464ce8]" name="h" duration-ms="1" started-at="2017-03-25T20:01:15Z" finished-at="2017-03-25T20:01:15Z">
          <reporter-output>
          </reporter-output>
        </test-method> <!-- h -->
        <test-method status="PASS" signature="f()[pri:0, instance:testNG.Annotations1@1464ce8]" name="f" is-config="true" duration-ms="0" started-at="2017-03-25T20:01:15Z" finished-at="2017-03-25T20:01:15Z">
          <reporter-output>
          </reporter-output>
        </test-method> <!-- f -->
        <test-method status="PASS" signature="j()[pri:0, instance:testNG.Annotations1@1464ce8]" name="j" is-config="true" duration-ms="0" started-at="2017-03-25T20:01:15Z" finished-at="2017-03-25T20:01:15Z">
          <reporter-output>
          </reporter-output>
        </test-method> <!-- j -->
        <test-method status="PASS" signature="l()[pri:0, instance:testNG.Annotations1@1464ce8]" name="l" is-config="true" duration-ms="0" started-at="2017-03-25T20:01:15Z" finished-at="2017-03-25T20:01:15Z">
          <reporter-output>
          </reporter-output>
        </test-method> <!-- l -->
        <test-method status="PASS" signature="z()[pri:0, instance:testNG.Annotations1@1464ce8]" name="z" duration-ms="0" started-at="2017-03-25T20:01:15Z" finished-at="2017-03-25T20:01:15Z">
          <reporter-output>
          </reporter-output>
        </test-method> <!-- z -->
        <test-method status="PASS" signature="i()[pri:0, instance:testNG.Annotations1@1464ce8]" name="i" is-config="true" duration-ms="0" started-at="2017-03-25T20:01:15Z" finished-at="2017-03-25T20:01:15Z">
          <reporter-output>
          </reporter-output>
        </test-method> <!-- i -->
        <test-method status="PASS" signature="g()[pri:0, instance:testNG.Annotations1@1464ce8]" name="g" is-config="true" duration-ms="0" started-at="2017-03-25T20:01:15Z" finished-at="2017-03-25T20:01:15Z">
          <reporter-output>
          </reporter-output>
        </test-method> <!-- g -->
        <test-method status="PASS" signature="j()[pri:0, instance:testNG.Annotations1@1464ce8]" name="j" is-config="true" duration-ms="0" started-at="2017-03-25T20:01:15Z" finished-at="2017-03-25T20:01:15Z">
          <reporter-output>
          </reporter-output>
        </test-method> <!-- j -->
        <test-method status="PASS" signature="d()[pri:0, instance:testNG.Annotations1@1464ce8]" name="d" is-config="true" duration-ms="0" started-at="2017-03-25T20:01:15Z" finished-at="2017-03-25T20:01:15Z">
          <reporter-output>
          </reporter-output>
        </test-method> <!-- d -->
        <test-method status="PASS" signature="d()[pri:0, instance:testNG.Annotations2@1829d67]" name="d" is-config="true" duration-ms="0" started-at="2017-03-25T20:01:15Z" finished-at="2017-03-25T20:01:15Z">
          <reporter-output>
          </reporter-output>
        </test-method> <!-- d -->
        <test-method status="PASS" signature="d()[pri:0, instance:testNG.Annotations3@c7da1e]" name="d" is-config="true" duration-ms="0" started-at="2017-03-25T20:01:15Z" finished-at="2017-03-25T20:01:15Z">
          <reporter-output>
          </reporter-output>
        </test-method> <!-- d -->
        <test-method status="PASS" signature="c()[pri:0, instance:testNG.Annotations2@1829d67]" name="c" is-config="true" duration-ms="1" started-at="2017-03-25T20:01:16Z" finished-at="2017-03-25T20:01:16Z">
          <reporter-output>
          </reporter-output>
        </test-method> <!-- c -->
        <test-method status="PASS" signature="c()[pri:0, instance:testNG.Annotations1@1464ce8]" name="c" is-config="true" duration-ms="0" started-at="2017-03-25T20:01:16Z" finished-at="2017-03-25T20:01:16Z">
          <reporter-output>
          </reporter-output>
        </test-method> <!-- c -->
        <test-method status="PASS" signature="c()[pri:0, instance:testNG.Annotations3@c7da1e]" name="c" is-config="true" duration-ms="0" started-at="2017-03-25T20:01:16Z" finished-at="2017-03-25T20:01:16Z">
          <reporter-output>
          </reporter-output>
        </test-method> <!-- c -->
      </class> <!-- testNG.Annotations1 -->
    </test> <!-- Test -->
  </suite> <!-- Classeswithallannotations -->
</testng-results>
